Build started 12/11/2015 6:13:06 PM.
     1>Project "D:\PracticeEngine\Engine\Engine.vcxproj" on node 2 (Build target(s)).
     1>ClCompile:
         C:\Program Files (x86)\Microsoft Visual Studio 12.0\VC\bin\CL.exe /c /ID:\PracticeEngine\Resources\include /ZI /nologo /W3 /WX- /sdl /Od /Oy- /D _MBCS /Gm /EHsc /RTC1 /MDd /GS /fp:precise /Zc:wchar_t /Zc:forScope /Fo"Debug\\" /Fd"Debug\vc120.pdb" /Gd /TP /analyze- /errorReport:prompt Mesh.cpp
         Mesh.cpp
       Link:
         C:\Program Files (x86)\Microsoft Visual Studio 12.0\VC\bin\link.exe /ERRORREPORT:PROMPT /OUT:"D:\PracticeEngine\Debug\Engine.exe" /INCREMENTAL /NOLOGO /LIBPATH:D:\PracticeEngine\Resources\lib opengl32.lib glew32.lib glfw3.lib SOIL.lib assimp.lib kernel32.lib user32.lib gdi32.lib winspool.lib comdlg32.lib advapi32.lib shell32.lib ole32.lib oleaut32.lib uuid.lib odbc32.lib odbccp32.lib /MANIFEST /MANIFESTUAC:"level='asInvoker' uiAccess='false'" /manifest:embed /DEBUG /PDB:"D:\PracticeEngine\Debug\Engine.pdb" /TLBID:1 /DYNAMICBASE /NXCOMPAT /IMPLIB:"D:\PracticeEngine\Debug\Engine.lib" /MACHINE:X86 Debug\CoreEngine.obj
         Debug\EngineClock.obj
         Debug\GameObject.obj
         Debug\main.obj
         Debug\Material.obj
         Debug\Mesh.obj
         Debug\Program.obj
         Debug\Renderer.obj
         Debug\ResourceManager.obj
         Debug\Shader.obj
         Debug\Transform.obj
         Engine.vcxproj -> D:\PracticeEngine\Debug\Engine.exe
     1>Done Building Project "D:\PracticeEngine\Engine\Engine.vcxproj" (Build target(s)).

Build succeeded.

Time Elapsed 00:00:00.89
