d:\practiceengine\engine\debug\vc120.pdb
d:\practiceengine\engine\debug\vc120.idb
d:\practiceengine\engine\debug\coreengine.obj
d:\practiceengine\engine\debug\engineclock.obj
d:\practiceengine\engine\debug\gameobject.obj
d:\practiceengine\engine\debug\main.obj
d:\practiceengine\engine\debug\material.obj
d:\practiceengine\engine\debug\mesh.obj
d:\practiceengine\engine\debug\program.obj
d:\practiceengine\engine\debug\renderer.obj
d:\practiceengine\engine\debug\resourcemanager.obj
d:\practiceengine\engine\debug\shader.obj
d:\practiceengine\engine\debug\transform.obj
d:\practiceengine\debug\engine.ilk
d:\practiceengine\debug\engine.exe
d:\practiceengine\debug\engine.pdb
d:\practiceengine\engine\debug\engine.tlog\cl.command.1.tlog
d:\practiceengine\engine\debug\engine.tlog\cl.read.1.tlog
d:\practiceengine\engine\debug\engine.tlog\cl.write.1.tlog
d:\practiceengine\engine\debug\engine.tlog\link.command.1.tlog
d:\practiceengine\engine\debug\engine.tlog\link.read.1.tlog
d:\practiceengine\engine\debug\engine.tlog\link.write.1.tlog
